<?xml version="1.0" encoding="UTF-8"?>
<!-- Generated by org.testng.reporters.JUnitReportReporter -->
<testsuite hostname="CEDT210949" failures="0" tests="3" name="TestNG.DataProvidercallinClass" time="24.605" errors="0" timestamp="2024-10-08T19:28:32 IST" skipped="0">
  <testcase classname="TestNG.DataProvidercallinClass" name="search" time="7.890"/>
  <testcase classname="TestNG.DataProvidercallinClass" name="search" time="6.237"/>
  <testcase classname="TestNG.DataProvidercallinClass" name="search" time="10.478"/>
</testsuite> <!-- TestNG.DataProvidercallinClass -->
