<?xml version="1.0" encoding="UTF-8"?>
<!-- Generated by org.testng.reporters.JUnitReportReporter -->
<testsuite hostname="DESKTOP-92S035U" failures="0" tests="1" name="Loggers.SauceDemo" time="6.205" errors="0" timestamp="2024-10-17T19:52:43 IST" skipped="0">
  <testcase classname="Loggers.SauceDemo" name="login" time="6.205"/>
</testsuite> <!-- Loggers.SauceDemo -->
