<?xml version="1.0" encoding="UTF-8"?>
<!-- Generated by org.testng.reporters.JUnitReportReporter -->
<testsuite hostname="CEDT210949" failures="0" tests="1" name="TestNG.AssertionInTestNg" time="12.044" errors="0" timestamp="2024-10-07T19:33:53 IST" skipped="0">
  <testcase classname="TestNG.AssertionInTestNg" name="AssertDemo" time="12.044"/>
</testsuite> <!-- TestNG.AssertionInTestNg -->
