<?xml version="1.0" encoding="UTF-8"?>
<!-- Generated by org.testng.reporters.JUnitReportReporter -->
<testsuite hostname="CEDT210949" failures="0" tests="1" name="TestNG.CustomizedReportEmailableReport" time="66.226" errors="0" timestamp="2024-10-09T19:10:12 IST" skipped="0">
  <testcase classname="TestNG.CustomizedReportEmailableReport" name="frontAccounting" time="66.226">
    <system-out>
      <![CDATA[Website has been lauched
Login Done Successfully
Log out Successfully]]>
    </system-out>
  </testcase> <!-- frontAccounting -->
  <system-out>
    <![CDATA[Website has been lauched
Login Done Successfully
Log out Successfully]]>
  </system-out>
</testsuite> <!-- TestNG.CustomizedReportEmailableReport -->
