<?xml version="1.0" encoding="UTF-8"?>
<!-- Generated by org.testng.reporters.JUnitReportReporter -->
<testsuite hostname="CEDT210949" failures="0" tests="3" name="TestNG.twoFaTesting" time="4.572" errors="0" timestamp="2024-10-13T12:27:04 IST" skipped="0">
  <testcase classname="TestNG.twoFaTesting" name="loginTwoFa" time="3.374">
    <system-out>
      <![CDATA[Login to 2FA Portal]]>
    </system-out>
  </testcase> <!-- loginTwoFa -->
  <testcase classname="TestNG.twoFaTesting" name="verify" time="0.184"/>
  <testcase classname="TestNG.twoFaTesting" name="tellermanagementCreateTeller" time="1.014"/>
  <system-out>
    <![CDATA[Login to 2FA Portal]]>
  </system-out>
</testsuite> <!-- TestNG.twoFaTesting -->
