<?xml version="1.0" encoding="UTF-8"?>
<!-- Generated by org.testng.reporters.JUnitReportReporter -->
<testsuite hostname="CEDT210949" failures="0" tests="1" name="TestNG.TestNGSAnotations" time="136.728" errors="0" timestamp="2024-10-03T15:08:18 IST" skipped="0">
  <testcase classname="TestNG.TestNGSAnotations" name="openBrowser" time="136.728"/>
</testsuite> <!-- TestNG.TestNGSAnotations -->
