<?xml version="1.0" encoding="UTF-8"?>
<!-- Generated by org.testng.reporters.JUnitReportReporter -->
<testsuite hostname="DESKTOP-92S035U" failures="0" tests="1" name="TestNG.AssertionInTestNg" time="18.161" errors="0" timestamp="2024-10-23T19:16:09 IST" skipped="0">
  <testcase classname="TestNG.AssertionInTestNg" name="AssertDemo" time="18.161"/>
</testsuite> <!-- TestNG.AssertionInTestNg -->
